<?xml version="1.0" encoding="UTF-8"?>
<testng-results ignored="0" total="1" passed="1" failed="0" skipped="0">
  <reporter-output>
  </reporter-output>
  <suite started-at="2022-06-27T11:58:05 EDT" name="amazon_Menu" finished-at="2022-06-27T11:59:22 EDT" duration-ms="76622">
    <groups>
    </groups>
    <test started-at="2022-06-27T11:58:05 EDT" name="Amazon Menu Search" finished-at="2022-06-27T11:59:22 EDT" duration-ms="76622">
      <class name="com.amazonMenu.testCases.TC_SearchTest_001">
        <test-method is-config="true" signature="setup(java.lang.String)[pri:0, instance:com.amazonMenu.testCases.TC_SearchTest_001@54bff557]" started-at="2022-06-27T11:58:05 EDT" name="setup" finished-at="2022-06-27T11:58:43 EDT" duration-ms="38117" status="PASS">
          <params>
            <param index="0">
              <value>
                <![CDATA[chrome]]>
              </value>
            </param>
          </params>
          <reporter-output>
          </reporter-output>
        </test-method> <!-- setup -->
        <test-method signature="searchMenu()[pri:0, instance:com.amazonMenu.testCases.TC_SearchTest_001@54bff557]" started-at="2022-06-27T11:58:43 EDT" name="searchMenu" finished-at="2022-06-27T11:59:22 EDT" duration-ms="38368" status="PASS">
          <reporter-output>
          </reporter-output>
        </test-method> <!-- searchMenu -->
        <test-method is-config="true" signature="tearDown()[pri:0, instance:com.amazonMenu.testCases.TC_SearchTest_001@54bff557]" started-at="2022-06-27T11:59:22 EDT" name="tearDown" finished-at="2022-06-27T11:59:22 EDT" duration-ms="1" status="PASS">
          <reporter-output>
          </reporter-output>
        </test-method> <!-- tearDown -->
      </class> <!-- com.amazonMenu.testCases.TC_SearchTest_001 -->
    </test> <!-- Amazon Menu Search -->
  </suite> <!-- amazon_Menu -->
</testng-results>
